<?xml version="1.0" encoding="UTF-8"?>
<!-- Generated by org.testng.reporters.JUnitXMLReporter -->
<testsuite hostname="Amit-PC" ignored="0" name="Surefire test" tests="2" failures="0" timestamp="30 Jun 2018 05:44:46 GMT" time="0.074" errors="0">
  <testcase name="@BeforeClass ParallelTestExecute" time="0.0" classname="com.QA.CrossBrowserTest">
    <failure type="org.testng.TestNGException" message="
Parameter &amp;apos;Browser&amp;apos; is required by BeforeClass on method ParallelTestExecute but has not been marked @Optional or defined
">
      <![CDATA[org.testng.TestNGException: 
Parameter 'Browser' is required by BeforeClass on method ParallelTestExecute but has not been marked @Optional or defined

... Removed 28 stack frames]]>
    </failure>
  </testcase> <!-- @BeforeClass ParallelTestExecute -->
  <testcase name="@BeforeClass ParallelTestExecute" time="0.0" classname="com.QA.CrossBrowserTest">
    <failure type="org.testng.TestNGException" message="
Parameter &amp;apos;Browser&amp;apos; is required by BeforeClass on method ParallelTestExecute but has not been marked @Optional or defined
">
      <![CDATA[org.testng.TestNGException: 
Parameter 'Browser' is required by BeforeClass on method ParallelTestExecute but has not been marked @Optional or defined

... Removed 28 stack frames]]>
    </failure>
  </testcase> <!-- @BeforeClass ParallelTestExecute -->
  <testcase name="setup" time="0.0" classname="com.QA.CrossBrowserTest">
    <skipped/>
  </testcase> <!-- setup -->
  <testcase name="setup" time="0.0" classname="com.QA.Test1">
    <skipped/>
  </testcase> <!-- setup -->
</testsuite> <!-- Surefire test -->
